============================= test session starts =============================
platform win32 -- Python 3.11.0, pytest-9.1.0, pluggy-1.6.0
rootdir: C:\Users\Relanto\OneDrive - Relanto\new\sprint2_product_intel
plugins: anyio-4.13.0, langsmith-0.8.16
collected 4 items

tests\test_api\test_decision.py ....                                     [100%]

============================== warnings summary ===============================
myenv\Lib\site-packages\fastapi\testclient.py:1
  C:\Users\Relanto\OneDrive - Relanto\new\sprint2_product_intel\myenv\Lib\site-packages\fastapi\testclient.py:1: StarletteDeprecationWarning: Using `httpx` with `starlette.testclient` is deprecated; install `httpx2` instead.
    from starlette.testclient import TestClient as TestClient  # noqa

myenv\Lib\site-packages\shap\plots\colors\_colors.py:47
  C:\Users\Relanto\OneDrive - Relanto\new\sprint2_product_intel\myenv\Lib\site-packages\shap\plots\colors\_colors.py:47: PendingDeprecationWarning: The set_bad function will be deprecated in a future version. Use cmap.with_extremes(bad=...) or Colormap(bad=...) instead.
    red_blue.set_bad(gray_rgb.tolist(), 1.0)

myenv\Lib\site-packages\shap\plots\colors\_colors.py:48
  C:\Users\Relanto\OneDrive - Relanto\new\sprint2_product_intel\myenv\Lib\site-packages\shap\plots\colors\_colors.py:48: PendingDeprecationWarning: The set_over function will be deprecated in a future version. Use cmap.with_extremes(over=...) or Colormap(over=...) instead.
    red_blue.set_over(gray_rgb.tolist(), 1.0)

myenv\Lib\site-packages\shap\plots\colors\_colors.py:49
  C:\Users\Relanto\OneDrive - Relanto\new\sprint2_product_intel\myenv\Lib\site-packages\shap\plots\colors\_colors.py:49: PendingDeprecationWarning: The set_under function will be deprecated in a future version. Use cmap.with_extremes(under=...) or Colormap(under=...) instead.
    red_blue.set_under(gray_rgb.tolist(), 1.0)  # "under" is incorrectly used instead of "bad" in the scatter plot

src\api\schemas\sensitivity.py:13
  C:\Users\Relanto\OneDrive - Relanto\new\sprint2_product_intel\src\api\schemas\sensitivity.py:13: PydanticDeprecatedSince20: Support for class-based `config` is deprecated, use ConfigDict instead. Deprecated in Pydantic V2.0 to be removed in V3.0. See Pydantic V2 Migration Guide at https://errors.pydantic.dev/2.13/migration/
    class SensitivityResponse(BaseModel):

src\api\schemas\anomaly.py:5
  C:\Users\Relanto\OneDrive - Relanto\new\sprint2_product_intel\src\api\schemas\anomaly.py:5: PydanticDeprecatedSince20: Using extra keyword arguments on `Field` is deprecated and will be removed. Use `json_schema_extra` instead. (Extra keys: 'example'). Deprecated in Pydantic V2.0 to be removed in V3.0. See Pydantic V2 Migration Guide at https://errors.pydantic.dev/2.13/migration/
    product_id: str = Field(..., example="P001")

src\api\schemas\anomaly.py:6
  C:\Users\Relanto\OneDrive - Relanto\new\sprint2_product_intel\src\api\schemas\anomaly.py:6: PydanticDeprecatedSince20: Using extra keyword arguments on `Field` is deprecated and will be removed. Use `json_schema_extra` instead. (Extra keys: 'example'). Deprecated in Pydantic V2.0 to be removed in V3.0. See Pydantic V2 Migration Guide at https://errors.pydantic.dev/2.13/migration/
    target_date: Optional[str] = Field(None, example="2025-06-15")

src\api\schemas\anomaly.py:7
  C:\Users\Relanto\OneDrive - Relanto\new\sprint2_product_intel\src\api\schemas\anomaly.py:7: PydanticDeprecatedSince20: Using extra keyword arguments on `Field` is deprecated and will be removed. Use `json_schema_extra` instead. (Extra keys: 'example'). Deprecated in Pydantic V2.0 to be removed in V3.0. See Pydantic V2 Migration Guide at https://errors.pydantic.dev/2.13/migration/
    kpi: str = Field("revenue", example="revenue")

src\api\schemas\anomaly.py:10
  C:\Users\Relanto\OneDrive - Relanto\new\sprint2_product_intel\src\api\schemas\anomaly.py:10: PydanticDeprecatedSince20: Using extra keyword arguments on `Field` is deprecated and will be removed. Use `json_schema_extra` instead. (Extra keys: 'example'). Deprecated in Pydantic V2.0 to be removed in V3.0. See Pydantic V2 Migration Guide at https://errors.pydantic.dev/2.13/migration/
    category: str = Field(..., example="Skincare")

src\api\schemas\anomaly.py:11
  C:\Users\Relanto\OneDrive - Relanto\new\sprint2_product_intel\src\api\schemas\anomaly.py:11: PydanticDeprecatedSince20: Using extra keyword arguments on `Field` is deprecated and will be removed. Use `json_schema_extra` instead. (Extra keys: 'example'). Deprecated in Pydantic V2.0 to be removed in V3.0. See Pydantic V2 Migration Guide at https://errors.pydantic.dev/2.13/migration/
    target_date: Optional[str] = Field(None, example="2025-06-15")

src\api\schemas\anomaly.py:12
  C:\Users\Relanto\OneDrive - Relanto\new\sprint2_product_intel\src\api\schemas\anomaly.py:12: PydanticDeprecatedSince20: Using extra keyword arguments on `Field` is deprecated and will be removed. Use `json_schema_extra` instead. (Extra keys: 'example'). Deprecated in Pydantic V2.0 to be removed in V3.0. See Pydantic V2 Migration Guide at https://errors.pydantic.dev/2.13/migration/
    kpi: str = Field("revenue", example="revenue")

src\api\schemas\anomaly.py:15
  C:\Users\Relanto\OneDrive - Relanto\new\sprint2_product_intel\src\api\schemas\anomaly.py:15: PydanticDeprecatedSince20: Using extra keyword arguments on `Field` is deprecated and will be removed. Use `json_schema_extra` instead. (Extra keys: 'example'). Deprecated in Pydantic V2.0 to be removed in V3.0. See Pydantic V2 Migration Guide at https://errors.pydantic.dev/2.13/migration/
    target_date: Optional[str] = Field(None, example="2025-06-15")

src\api\schemas\anomaly.py:16
  C:\Users\Relanto\OneDrive - Relanto\new\sprint2_product_intel\src\api\schemas\anomaly.py:16: PydanticDeprecatedSince20: Using extra keyword arguments on `Field` is deprecated and will be removed. Use `json_schema_extra` instead. (Extra keys: 'example'). Deprecated in Pydantic V2.0 to be removed in V3.0. See Pydantic V2 Migration Guide at https://errors.pydantic.dev/2.13/migration/
    kpi: str = Field("revenue", example="revenue")

src\api\schemas\anomaly.py:67
  C:\Users\Relanto\OneDrive - Relanto\new\sprint2_product_intel\src\api\schemas\anomaly.py:67: PydanticDeprecatedSince20: Using extra keyword arguments on `Field` is deprecated and will be removed. Use `json_schema_extra` instead. (Extra keys: 'example'). Deprecated in Pydantic V2.0 to be removed in V3.0. See Pydantic V2 Migration Guide at https://errors.pydantic.dev/2.13/migration/
    product_id: str = Field(..., example="P001")

src\api\schemas\anomaly.py:68
  C:\Users\Relanto\OneDrive - Relanto\new\sprint2_product_intel\src\api\schemas\anomaly.py:68: PydanticDeprecatedSince20: Using extra keyword arguments on `Field` is deprecated and will be removed. Use `json_schema_extra` instead. (Extra keys: 'example'). Deprecated in Pydantic V2.0 to be removed in V3.0. See Pydantic V2 Migration Guide at https://errors.pydantic.dev/2.13/migration/
    lookback_days: int = Field(14, example=14, description="Lookback window size (e.g. 14 or 30 days)")

src\api\schemas\anomaly.py:69
  C:\Users\Relanto\OneDrive - Relanto\new\sprint2_product_intel\src\api\schemas\anomaly.py:69: PydanticDeprecatedSince20: Using extra keyword arguments on `Field` is deprecated and will be removed. Use `json_schema_extra` instead. (Extra keys: 'example'). Deprecated in Pydantic V2.0 to be removed in V3.0. See Pydantic V2 Migration Guide at https://errors.pydantic.dev/2.13/migration/
    kpi: str = Field("revenue", example="revenue")

src\api\schemas\history.py:19
  C:\Users\Relanto\OneDrive - Relanto\new\sprint2_product_intel\src\api\schemas\history.py:19: PydanticDeprecatedSince20: Support for class-based `config` is deprecated, use ConfigDict instead. Deprecated in Pydantic V2.0 to be removed in V3.0. See Pydantic V2 Migration Guide at https://errors.pydantic.dev/2.13/migration/
    class SnapshotResponse(BaseModel):

src\api\schemas\history.py:46
  C:\Users\Relanto\OneDrive - Relanto\new\sprint2_product_intel\src\api\schemas\history.py:46: PydanticDeprecatedSince20: Support for class-based `config` is deprecated, use ConfigDict instead. Deprecated in Pydantic V2.0 to be removed in V3.0. See Pydantic V2 Migration Guide at https://errors.pydantic.dev/2.13/migration/
    class EventResponse(BaseModel):

src\api\schemas\history.py:61
  C:\Users\Relanto\OneDrive - Relanto\new\sprint2_product_intel\src\api\schemas\history.py:61: PydanticDeprecatedSince20: Support for class-based `config` is deprecated, use ConfigDict instead. Deprecated in Pydantic V2.0 to be removed in V3.0. See Pydantic V2 Migration Guide at https://errors.pydantic.dev/2.13/migration/
    class ExperimentResponse(BaseModel):

src\api\schemas\history.py:90
  C:\Users\Relanto\OneDrive - Relanto\new\sprint2_product_intel\src\api\schemas\history.py:90: PydanticDeprecatedSince20: Support for class-based `config` is deprecated, use ConfigDict instead. Deprecated in Pydantic V2.0 to be removed in V3.0. See Pydantic V2 Migration Guide at https://errors.pydantic.dev/2.13/migration/
    class ReportResponse(BaseModel):

src\api\schemas\decision.py:5
  C:\Users\Relanto\OneDrive - Relanto\new\sprint2_product_intel\src\api\schemas\decision.py:5: PydanticDeprecatedSince20: Using extra keyword arguments on `Field` is deprecated and will be removed. Use `json_schema_extra` instead. (Extra keys: 'example'). Deprecated in Pydantic V2.0 to be removed in V3.0. See Pydantic V2 Migration Guide at https://errors.pydantic.dev/2.13/migration/
    query: str = Field(..., example="What might happen if we increase discounts by 10%?")

src\api\schemas\decision.py:6
  C:\Users\Relanto\OneDrive - Relanto\new\sprint2_product_intel\src\api\schemas\decision.py:6: PydanticDeprecatedSince20: Using extra keyword arguments on `Field` is deprecated and will be removed. Use `json_schema_extra` instead. (Extra keys: 'example'). Deprecated in Pydantic V2.0 to be removed in V3.0. See Pydantic V2 Migration Guide at https://errors.pydantic.dev/2.13/migration/
    product_id: Optional[str] = Field("P001", example="P001")

src\api\schemas\decision.py:7
  C:\Users\Relanto\OneDrive - Relanto\new\sprint2_product_intel\src\api\schemas\decision.py:7: PydanticDeprecatedSince20: Using extra keyword arguments on `Field` is deprecated and will be removed. Use `json_schema_extra` instead. (Extra keys: 'example'). Deprecated in Pydantic V2.0 to be removed in V3.0. See Pydantic V2 Migration Guide at https://errors.pydantic.dev/2.13/migration/
    session_id: Optional[str] = Field(None, example="session_abc123")

src\api\schemas\decision.py:28
  C:\Users\Relanto\OneDrive - Relanto\new\sprint2_product_intel\src\api\schemas\decision.py:28: PydanticDeprecatedSince20: Support for class-based `config` is deprecated, use ConfigDict instead. Deprecated in Pydantic V2.0 to be removed in V3.0. See Pydantic V2 Migration Guide at https://errors.pydantic.dev/2.13/migration/
    class DecisionResponse(BaseModel):

-- Docs: https://docs.pytest.org/en/stable/how-to/capture-warnings.html
================= 4 passed, 24 warnings in 667.97s (0:11:07) ==================
